17.196239175076357
0.014218383123108462
0.08092108978448323
0.3557251066867503
0.1346849820575213
0.018835053892340088
0.05992582750879604
0.015357285074555443
0.01745765306935582
1.0248449055946114
1.2518978057011878
1.7041576549330135
0.09912957919970848
0.007394000607917045
0.02457226318986152
0.06726452213735344
0.01085796485439748
0.02288774901862548
0.009891441769672838
0.04757984410592807
0.022522917638217312
1.9367032526623347
9.130218475397708
0.8676014413763341
0.04479005539030846
0.014318058598906743
0.002582353758481414
1e-5
0.10543412268041315
0.9510418351930576
0.6702104081920127
0.6052657645813045
1.6761187427246973
1.014729243355156
6.210529702277097
0.8044855372861409
15.237283215603577
11.96859722786407
120.59889741440296
32.26193183761779
361.64736294334847
408.26125519378394
142.9723880343969
61.44492001362409
328.1096129219569
